#
# There is insufficient memory for the Java Runtime Environment to continue.
# Native memory allocation (malloc) failed to allocate 1048576 bytes for AllocateHeap
# Possible reasons:
#   The system is out of physical RAM or swap space
#   The process is running with CompressedOops enabled, and the Java Heap may be blocking the growth of the native heap
# Possible solutions:
#   Reduce memory load on the system
#   Increase physical memory or swap space
#   Check if swap backing store is full
#   Decrease Java heap size (-Xmx/-Xms)
#   Decrease number of Java threads
#   Decrease Java thread stack sizes (-Xss)
#   Set larger code cache with -XX:ReservedCodeCacheSize=
#   JVM is running with Unscaled Compressed Oops mode in which the Java heap is
#     placed in the first 4GB address space. The Java Heap base address is the
#     maximum limit for the native heap growth. Please use -XX:HeapBaseMinAddress
#     to set the Java Heap base and to place the Java Heap above 4GB virtual address.
# This output file may be truncated or incomplete.
#
#  Out of Memory Error (memory/allocation.inline.hpp:61), pid=6012, tid=0x0000000000003420
#
# JRE version:  (8.0_202-b53) (build )
# Java VM: OpenJDK 64-Bit Server VM (25.202-b53 mixed mode windows-amd64 compressed oops)
# Failed to write core dump. Minidumps are not enabled by default on client versions of Windows
#

---------------  T H R E A D  ---------------

Current thread (0x000000000304e000):  JavaThread "Unknown thread" [_thread_in_vm, id=13344, stack(0x0000000003050000,0x0000000003150000)]

Stack: [0x0000000003050000,0x0000000003150000]
[error occurred during error reporting (printing stack bounds), id 0xc0000005]

Native frames: (J=compiled Java code, j=interpreted, Vv=VM code, C=native code)


---------------  P R O C E S S  ---------------

Java Threads: ( => current thread )

Other Threads:

=>0x000000000304e000 (exited) JavaThread "Unknown thread" [_thread_in_vm, id=13344, stack(0x0000000003050000,0x0000000003150000)]

VM state:not at safepoint (normal execution)

VM Mutex/Monitor currently owned by a thread: None

heap address: 0x0000000081a00000, size: 2022 MB, Compressed Oops mode: 32-bit
Narrow klass base: 0x0000000000000000, Narrow klass shift: 3
Compressed class space size: 1073741824 Address: 0x0000000100000000

Heap:
 PSYoungGen      total 38400K, used 665K [0x00000000d5e00000, 0x00000000d8880000, 0x0000000100000000)
  eden space 33280K, 2% used [0x00000000d5e00000,0x00000000d5ea6670,0x00000000d7e80000)
  from space 5120K, 0% used [0x00000000d8380000,0x00000000d8380000,0x00000000d8880000)
  to   space 5120K, 0% used [0x00000000d7e80000,0x00000000d7e80000,0x00000000d8380000)
 ParOldGen       total 87552K, used 0K [0x0000000081a00000, 0x0000000086f80000, 0x00000000d5e00000)
  object space 87552K, 0% used [0x0000000081a00000,0x0000000081a00000,0x0000000086f80000)
 Metaspace       used 777K, capacity 4480K, committed 4480K, reserved 1056768K
  class space    used 74K, capacity 384K, committed 384K, reserved 1048576K

Card table byte_map: [0x0000000012610000,0x0000000012a10000] byte_map_base: 0x0000000012203000

Marking Bits: (ParMarkBitMap*) 0x000000005bb29f30
 Begin Bits: [0x00000000130c0000, 0x0000000015058000)
 End Bits:   [0x0000000015058000, 0x0000000016ff0000)

Polling page: 0x0000000001250000

CodeCache: size=245760Kb used=328Kb max_used=328Kb free=245431Kb
 bounds [0x0000000003250000, 0x00000000034c0000, 0x0000000012250000]
 total_blobs=57 nmethods=0 adapters=38
 compilation: enabled

Compilation events (0 events):
No events

GC Heap History (0 events):
No events

Deoptimization events (0 events):
No events

Classes redefined (0 events):
No events

Internal exceptions (0 events):
No events

Events (10 events):
Event: 0.017 loading class java/lang/Short
Event: 0.017 loading class java/lang/Short done
Event: 0.017 loading class java/lang/Integer
Event: 0.018 loading class java/lang/Integer done
Event: 0.018 loading class java/lang/Long
Event: 0.018 loading class java/lang/Long done
Event: 0.018 loading class java/lang/NullPointerException
Event: 0.018 loading class java/lang/NullPointerException done
Event: 0.018 loading class java/lang/ArithmeticException
Event: 0.018 loading class java/lang/ArithmeticException done


Dynamic libraries:
0x00007ff760240000 - 0x00007ff760271000 	C:\Users\a.azizov\AppData\Local\JetBrains\WebStorm 2019.1.3\jre64\bin\java.exe
0x00007ff859e00000 - 0x00007ff859fed000 	C:\WINDOWS\SYSTEM32\ntdll.dll
0x00007ff859b10000 - 0x00007ff859bc3000 	C:\WINDOWS\System32\KERNEL32.DLL
0x00007ff856580000 - 0x00007ff856813000 	C:\WINDOWS\System32\KERNELBASE.dll
0x00007ff859810000 - 0x00007ff8598b3000 	C:\WINDOWS\System32\ADVAPI32.dll
0x00007ff858c30000 - 0x00007ff858cce000 	C:\WINDOWS\System32\msvcrt.dll
0x00007ff859a70000 - 0x00007ff859b0e000 	C:\WINDOWS\System32\sechost.dll
0x00007ff858cd0000 - 0x00007ff858df2000 	C:\WINDOWS\System32\RPCRT4.dll
0x00007ff859670000 - 0x00007ff859807000 	C:\WINDOWS\System32\USER32.dll
0x00007ff856220000 - 0x00007ff856240000 	C:\WINDOWS\System32\win32u.dll
0x00007ff859290000 - 0x00007ff8592b9000 	C:\WINDOWS\System32\GDI32.dll
0x00007ff855f80000 - 0x00007ff856119000 	C:\WINDOWS\System32\gdi32full.dll
0x00007ff856f90000 - 0x00007ff857030000 	C:\WINDOWS\System32\msvcp_win.dll
0x00007ff856240000 - 0x00007ff85633a000 	C:\WINDOWS\System32\ucrtbase.dll
0x00007ff836240000 - 0x00007ff8364b9000 	C:\WINDOWS\WinSxS\amd64_microsoft.windows.common-controls_6595b64144ccf1df_6.0.17763.615_none_05b4414a072024d4\COMCTL32.dll
0x00007ff858790000 - 0x00007ff858abc000 	C:\WINDOWS\System32\combase.dll
0x00007ff856170000 - 0x00007ff8561ee000 	C:\WINDOWS\System32\bcryptPrimitives.dll
0x00007ff857030000 - 0x00007ff85705e000 	C:\WINDOWS\System32\IMM32.DLL
0x000000005b280000 - 0x000000005b352000 	C:\Users\a.azizov\AppData\Local\JetBrains\WebStorm 2019.1.3\jre64\bin\msvcr100.dll
0x000000005b360000 - 0x000000005bba6000 	C:\Users\a.azizov\AppData\Local\JetBrains\WebStorm 2019.1.3\jre64\bin\server\jvm.dll
0x00007ff857060000 - 0x00007ff857068000 	C:\WINDOWS\System32\PSAPI.DLL
0x00007ff84c180000 - 0x00007ff84c18a000 	C:\WINDOWS\SYSTEM32\VERSION.dll
0x00007ff853bd0000 - 0x00007ff853bf4000 	C:\WINDOWS\SYSTEM32\WINMM.dll
0x00007ff821600000 - 0x00007ff821609000 	C:\WINDOWS\SYSTEM32\WSOCK32.dll
0x00007ff859bd0000 - 0x00007ff859c3d000 	C:\WINDOWS\System32\WS2_32.dll
0x00007ff853ba0000 - 0x00007ff853bcd000 	C:\WINDOWS\SYSTEM32\winmmbase.dll
0x00007ff856120000 - 0x00007ff85616a000 	C:\WINDOWS\System32\cfgmgr32.dll
0x00007ff8215f0000 - 0x00007ff8215ff000 	C:\Users\a.azizov\AppData\Local\JetBrains\WebStorm 2019.1.3\jre64\bin\verify.dll
0x00007ff8215c0000 - 0x00007ff8215e9000 	C:\Users\a.azizov\AppData\Local\JetBrains\WebStorm 2019.1.3\jre64\bin\java.dll
0x00007ff8215a0000 - 0x00007ff8215b6000 	C:\Users\a.azizov\AppData\Local\JetBrains\WebStorm 2019.1.3\jre64\bin\zip.dll

VM Arguments:
java_command: org.jetbrains.git4idea.nativessh.GitNativeSshAskPassApp git@gitlab.webbankir.team's password: 
java_class_path (initial): C:/Users/a.azizov/AppData/Local/JetBrains/WebStorm 2019.1.3/plugins/git4idea/lib/git4idea-rt.jar;C:/Users/a.azizov/AppData/Local/JetBrains/WebStorm 2019.1.3/lib/xmlrpc-2.0.1.jar;C:/Users/a.azizov/AppData/Local/JetBrains/WebStorm 2019.1.3/lib/commons-codec-1.10.jar;C:/Users/a.azizov/AppData/Local/JetBrains/WebStorm 2019.1.3/lib/util.jar
Launcher Type: SUN_STANDARD

Environment Variables:
PATH=C:\Program Files\Git\mingw64\libexec\git-core;C:\Program Files\Git\mingw64\bin;C:\Program Files\Git\usr\bin;C:\Users\a.azizov\bin;C:\WINDOWS\system32;C:\WINDOWS;C:\WINDOWS\System32\Wbem;C:\WINDOWS\System32\WindowsPowerShell\v1.0;C:\WINDOWS\System32\OpenSSH;C:\Program Files\nodejs;C:\Program Files\Git\cmd;C:\Users\a.azizov\AppData\Local\Microsoft\WindowsApps;C:\Users\a.azizov\AppData\Roaming\npm
USERNAME=a.azizov
DISPLAY=:0.0
OS=Windows_NT
PROCESSOR_IDENTIFIER=Intel64 Family 6 Model 94 Stepping 3, GenuineIntel



---------------  S Y S T E M  ---------------

OS: Windows 10.0 , 64 bit Build 17763 (10.0.17763.475)

CPU:total 4 (initial active 4) (4 cores per cpu, 1 threads per core) family 6 model 94 stepping 3, cmov, cx8, fxsr, mmx, sse, sse2, sse3, ssse3, sse4.1, sse4.2, popcnt, avx, avx2, aes, clmul, erms, 3dnowpref, lzcnt, tsc, tscinvbit, bmi1, bmi2, adx

Memory: 4k page, physical 8279240k(378572k free), swap 33445064k(5284k free)

vm_info: OpenJDK 64-Bit Server VM (25.202-b53) for windows-amd64 JRE (1.8.0_202-release-1483-b53), built on Apr 25 2019 15:49:55 by "builduser" with MS VC++ 10.0 (VS2010)

time: Sun Aug 25 05:49:32 2019
timezone: RTZ 2 (зима)
elapsed time: 0 seconds (0d 0h 0m 0s)

